<?xml version="1.0" encoding="UTF-8"?>
<testsuite name="ViewTest" tests="1" skipped="0" failures="0" errors="0" timestamp="2021-02-26T11:16:15" hostname="DESKTOP-SFOHS1L" time="0.026">
  <properties/>
  <testcase name="view()" classname="ViewTest" time="0.026"/>
  <system-out><![CDATA[]]></system-out>
  <system-err><![CDATA[]]></system-err>
</testsuite>
